Seed set to 1234 for this run
Number of regions chosen was 10
Regions chosen was:
1032	A05	1807789..2033581	-	C05	31526112..31982340
Regions chosen was:
9	A01	9211784..10335042	-	C01	12232952..14237322
Regions chosen was:
1839	A09	2045293..2216917	+	C08	38928810..39231776
Regions chosen was:
199	A10	4330802..4888598	+	C01	37419658..37771661
Regions chosen was:
1754	A06	746631..1074713	-	C08	16290549..17296760
Regions chosen was:
1552	A07	14874245..15217639	+	C06	1974136..2504081
Regions chosen was:
1640	A01	7712173..7995215	+	C08	15163710..15369992
Regions chosen was:
1580	A08	2097326..2988508	+	C06	31441768..34193489
Regions chosen was:
756	A03	25457894..25982378	+	C04	3685376..4865003
Regions chosen was:
400	A01	21446681..21841756	+	C03	456458..916898
Loaded ./simulate_genome/reference_genomes/bra.fa as background genome
Loaded ./simulate_genome/reference_genomes/bol.fa as introgression genome
Creating 20160409AC-1234.fasta
Introgression from C03(456458..916898) into A01 on strand + at (21446681..21841756)
Introgression from C01(12232952..14237322) into A01 on strand - at (9211784..10335042)
Introgression from C05(31526112..31982340) into A05 on strand - at (1807789..2033581)
Introgression from C08(38928810..39231776) into A09 on strand + at (2045293..2216917)
Introgression from C06(1974136..2504081) into A07 on strand + at (14874245..15217639)
Introgression from C04(3685376..4865003) into A03 on strand + at (25457894..25982378)
Introgression from C08(16290549..17296760) into A06 on strand - at (746631..1074713)
Introgression from C06(31441768..34193489) into A08 on strand + at (2097326..2988508)
Introgression from C08(15163710..15369992) into A01 on strand + at (7712173..7995215)
Introgression from C01(37419658..37771661) into A10 on strand + at (4330802..4888598)
Introgressions completed, writing out to file 20160409AC-1234.fasta
10 records written
